[DEBUG 09:23:50] git.cmd Popen(['git', 'version'], cwd=/mount/disk1/rl-hyr/pymarl, stdin=None, shell=False, universal_newlines=False)
[DEBUG 09:23:50] git.cmd Popen(['git', 'version'], cwd=/mount/disk1/rl-hyr/pymarl, stdin=None, shell=False, universal_newlines=False)
src/main.py:58: DeprecationWarning: Using or importing the ABCs from 'collections' instead of from 'collections.abc' is deprecated since Python 3.3, and in 3.10 it will stop working
  if isinstance(v, collections.Mapping):
[INFO 09:23:50] root Saving to FileStorageObserver in results/sacred.
[DEBUG 09:23:52] pymarl Using capture mode "fd"
[INFO 09:23:52] pymarl Running command 'my_main'
[INFO 09:23:52] pymarl Started run with ID "85"
[DEBUG 09:23:52] pymarl Starting Heartbeat
[DEBUG 09:23:52] my_main Started
[INFO 09:23:52] my_main Experiment Parameters:
[INFO 09:23:52] my_main 

{   'action_selector': 'epsilon_greedy',
    'agent': 'rnn',
    'agent_output_type': 'q',
    'batch_size': 32,
    'batch_size_run': 1,
    'buffer_cpu_only': True,
    'buffer_size': 5000,
    'checkpoint_path': '',
    'critic_lr': 0.0005,
    'double_q': True,
    'env': 'sc2',
    'env_args': {   'continuing_episode': False,
                    'debug': False,
                    'difficulty': '7',
                    'game_version': None,
                    'heuristic_ai': False,
                    'heuristic_rest': False,
                    'map_name': '3m',
                    'move_amount': 2,
                    'obs_all_health': True,
                    'obs_instead_of_state': False,
                    'obs_last_action': False,
                    'obs_own_health': True,
                    'obs_pathing_grid': False,
                    'obs_terrain_height': False,
                    'obs_timestep_number': False,
                    'replay_dir': '',
                    'replay_prefix': '',
                    'reward_death_value': 10,
                    'reward_defeat': 0,
                    'reward_negative_scale': 0.5,
                    'reward_only_positive': True,
                    'reward_scale': True,
                    'reward_scale_rate': 20,
                    'reward_sparse': False,
                    'reward_win': 200,
                    'seed': 104127775,
                    'state_last_action': True,
                    'state_timestep_number': False,
                    'step_mul': 8},
    'epsilon_anneal_time': 50000,
    'epsilon_finish': 0.05,
    'epsilon_start': 1.0,
    'evaluate': False,
    'gamma': 0.99,
    'grad_norm_clip': 10,
    'label': 'default_label',
    'learner': 'q_learner',
    'learner_log_interval': 10000,
    'load_step': 0,
    'local_results_path': 'results',
    'log_interval': 10000,
    'lr': 0.0005,
    'mac': 'basic_mac',
    'mixer': None,
    'name': 'iql',
    'obs_agent_id': True,
    'obs_last_action': True,
    'optim_alpha': 0.99,
    'optim_eps': 1e-05,
    'repeat_id': 1,
    'rnn_hidden_dim': 64,
    'runner': 'episode',
    'runner_log_interval': 10000,
    'save_model': False,
    'save_model_interval': 2000000,
    'save_replay': False,
    'seed': 104127775,
    't_max': 2050000,
    'target_update_interval': 200,
    'test_greedy': True,
    'test_interval': 10000,
    'test_nepisode': 32,
    'use_cuda': True,
    'use_tensorboard': False}

[INFO 09:23:53] my_main Beginning training for 2050000 timesteps
[INFO 09:23:53] absl Launching SC2: /mount/disk1/rl-hyr/StarCraftII/Versions/Base75689/SC2_x64 -listen 127.0.0.1 -port 44157 -dataDir /mount/disk1/rl-hyr/StarCraftII/ -tempDir /tmp/sc-bbh4t6s6/
Version: B75689 (SC2.4.10)
Build: Aug 12 2019 17:16:57
Command Line: '"/mount/disk1/rl-hyr/StarCraftII/Versions/Base75689/SC2_x64" -listen 127.0.0.1 -port 44157 -dataDir /mount/disk1/rl-hyr/StarCraftII/ -tempDir /tmp/sc-bbh4t6s6/'
[INFO 09:23:53] absl Connecting to: ws://127.0.0.1:44157/sc2api, attempt: 0, running: True
Starting up...
Startup Phase 1 complete
[INFO 09:23:54] absl Connecting to: ws://127.0.0.1:44157/sc2api, attempt: 1, running: True
Startup Phase 2 complete
Creating stub renderer...
Listening on: 127.0.0.1:44157
Startup Phase 3 complete. Ready for commands.
[INFO 09:23:55] absl Connecting to: ws://127.0.0.1:44157/sc2api, attempt: 2, running: True
ConnectHandler: Request from 127.0.0.1:36900 accepted
ReadyHandler: 127.0.0.1:36900 ready
Requesting to join a single player game
Configuring interface options
Configure: raw interface enabled
Configure: feature layer interface disabled
Configure: score interface disabled
Configure: render interface disabled
Launching next game.
Next launch phase started: 2
Next launch phase started: 3
Next launch phase started: 4
Next launch phase started: 5
Next launch phase started: 6
Next launch phase started: 7
Next launch phase started: 8
[DEBUG 09:23:58] pymarl Stopping Heartbeat
[WARNING 09:23:58] pymarl Aborted after 0:00:07!
Traceback (most recent call last):
  File "src/main.py", line 100, in <module>
    ex.run_commandline(params)
  File "/home/rl-hyr/.conda/envs/hyrpymarl/lib/python3.8/site-packages/sacred/experiment.py", line 312, in run_commandline
    return self.run(
  File "/home/rl-hyr/.conda/envs/hyrpymarl/lib/python3.8/site-packages/sacred/experiment.py", line 276, in run
    run()
  File "/home/rl-hyr/.conda/envs/hyrpymarl/lib/python3.8/site-packages/sacred/run.py", line 238, in __call__
    self.result = self.main_function(*args)
  File "/home/rl-hyr/.conda/envs/hyrpymarl/lib/python3.8/site-packages/sacred/config/captured_function.py", line 42, in captured_function
    result = wrapped(*args, **kwargs)
  File "src/main.py", line 35, in my_main
    run(_run, config, _log)
  File "/mount/disk1/rl-hyr/pymarl/src/run.py", line 48, in run
    run_sequential(args=args, logger=logger)
  File "/mount/disk1/rl-hyr/pymarl/src/run.py", line 172, in run_sequential
    episode_batch = runner.run(test_mode=False)
  File "/mount/disk1/rl-hyr/pymarl/src/runners/episode_runner.py", line 50, in run
    self.reset()
  File "/mount/disk1/rl-hyr/pymarl/src/runners/episode_runner.py", line 45, in reset
    self.env.reset()
  File "/home/rl-hyr/.conda/envs/hyrpymarl/lib/python3.8/site-packages/smac/env/starcraft2/starcraft2.py", line 403, in reset
    self._launch()
  File "/home/rl-hyr/.conda/envs/hyrpymarl/lib/python3.8/site-packages/smac/env/starcraft2/starcraft2.py", line 348, in _launch
    self._controller.join_game(join)
  File "/home/rl-hyr/.conda/envs/hyrpymarl/lib/python3.8/site-packages/pysc2/lib/remote_controller.py", line 95, in _valid_status
    return func(self, *args, **kwargs)
  File "/home/rl-hyr/.conda/envs/hyrpymarl/lib/python3.8/site-packages/pysc2/lib/remote_controller.py", line 70, in _check_error
    return check_error(func(*args, **kwargs), error_enum)
  File "/home/rl-hyr/.conda/envs/hyrpymarl/lib/python3.8/site-packages/pysc2/lib/stopwatch.py", line 205, in _stopwatch
    return func(*args, **kwargs)
  File "/home/rl-hyr/.conda/envs/hyrpymarl/lib/python3.8/site-packages/pysc2/lib/remote_controller.py", line 205, in join_game
    return self._client.send(join_game=req_join_game)
  File "/home/rl-hyr/.conda/envs/hyrpymarl/lib/python3.8/site-packages/pysc2/lib/protocol.py", line 147, in send
    res = self.send_req(req)
  File "/home/rl-hyr/.conda/envs/hyrpymarl/lib/python3.8/site-packages/pysc2/lib/protocol.py", line 127, in send_req
    return self.read()
  File "/home/rl-hyr/.conda/envs/hyrpymarl/lib/python3.8/site-packages/pysc2/lib/stopwatch.py", line 205, in _stopwatch
    return func(*args, **kwargs)
  File "/home/rl-hyr/.conda/envs/hyrpymarl/lib/python3.8/site-packages/pysc2/lib/protocol.py", line 98, in read
    response = self._read()
  File "/home/rl-hyr/.conda/envs/hyrpymarl/lib/python3.8/site-packages/pysc2/lib/protocol.py", line 179, in _read
    response_str = self._sock.recv()
  File "/home/rl-hyr/.conda/envs/hyrpymarl/lib/python3.8/site-packages/websocket/_core.py", line 388, in recv
    opcode, data = self.recv_data()
  File "/home/rl-hyr/.conda/envs/hyrpymarl/lib/python3.8/site-packages/websocket/_core.py", line 416, in recv_data
    opcode, frame = self.recv_data_frame(control_frame)
  File "/home/rl-hyr/.conda/envs/hyrpymarl/lib/python3.8/site-packages/websocket/_core.py", line 437, in recv_data_frame
    frame = self.recv_frame()
  File "/home/rl-hyr/.conda/envs/hyrpymarl/lib/python3.8/site-packages/websocket/_core.py", line 478, in recv_frame
    return self.frame_buffer.recv_frame()
  File "/home/rl-hyr/.conda/envs/hyrpymarl/lib/python3.8/site-packages/websocket/_abnf.py", line 363, in recv_frame
    self.recv_header()
  File "/home/rl-hyr/.conda/envs/hyrpymarl/lib/python3.8/site-packages/websocket/_abnf.py", line 319, in recv_header
    header = self.recv_strict(2)
  File "/home/rl-hyr/.conda/envs/hyrpymarl/lib/python3.8/site-packages/websocket/_abnf.py", line 398, in recv_strict
    bytes_ = self.recv(min(16384, shortage))
  File "/home/rl-hyr/.conda/envs/hyrpymarl/lib/python3.8/site-packages/websocket/_core.py", line 563, in _recv
    return recv(self.sock, bufsize)
  File "/home/rl-hyr/.conda/envs/hyrpymarl/lib/python3.8/site-packages/websocket/_socket.py", line 118, in recv
    bytes_ = _recv()
  File "/home/rl-hyr/.conda/envs/hyrpymarl/lib/python3.8/site-packages/websocket/_socket.py", line 97, in _recv
    return sock.recv(bufsize)
KeyboardInterrupt
[INFO 09:23:58] absl Shutdown gracefully.
[INFO 09:23:58] absl Shutdown with return code: -2
